[2023-06-18 13:06:38] [Info] [server_log] [server_create] [/home/sparrow/Project/cserver/server_t.c:297]
Create Server With Port 1024
[2023-06-18 13:06:58] [Info] [server_log] [server_start] [/home/sparrow/Project/cserver/server_t.c:327]
Start Server(1024)
[2023-06-18 13:07:25] [Info] [server_log] [server_recv_clnt] [/home/sparrow/Project/cserver/server_t.c:220]
Accept Client: {ip:"000.000.000.000", port:00000}
[2023-06-18 13:13:16] [Info] [server_log] [server_q_find] [/home/sparrow/Project/cserver/server_t.c:182]
Create a Client Thread
[2023-06-18 13:19:31] [Info] [server_log] [server_create] [/home/sparrow/Project/cserver/server_t.c:298]
Create Server With Port 1024
[2023-06-18 13:19:31] [Info] [server_log] [server_start] [/home/sparrow/Project/cserver/server_t.c:328]
Start Server(1024)
[2023-06-18 13:20:59] [Info] [server_log] [server_create] [/home/sparrow/Project/cserver/server_t.c:298]
Create Server With Port 1024
[2023-06-18 13:20:59] [Info] [server_log] [server_start] [/home/sparrow/Project/cserver/server_t.c:328]
Start Server(1024)
[2023-06-18 13:21:50] [Info] [server_log] [server_recv_clnt] [/home/sparrow/Project/cserver/server_t.c:220]
Accept Client: {ip:"000.000.000.000", port:00000}
[2023-06-18 13:21:50] [Info] [server_log] [server_q_find] [/home/sparrow/Project/cserver/server_t.c:182]
Create a Client Thread
[2023-06-18 13:23:44] [Info] [server_log] [server_create] [/home/sparrow/Project/cserver/server_t.c:298]
Create Server With Port 1024
[2023-06-18 13:23:44] [Info] [server_log] [server_start] [/home/sparrow/Project/cserver/server_t.c:328]
Start Server(1024)
[2023-06-18 13:24:04] [Info] [server_log] [server_recv_clnt] [/home/sparrow/Project/cserver/server_t.c:220]
Accept Client: {ip:"192.168.002.002", port:31433}
[2023-06-18 13:24:04] [Info] [server_log] [server_q_find] [/home/sparrow/Project/cserver/server_t.c:182]
Create a Client Thread
[2023-06-18 13:24:37] [Info] [server_log] [server_create] [/home/sparrow/Project/cserver/server_t.c:298]
Create Server With Port 1024
[2023-06-18 13:24:37] [Info] [server_log] [server_start] [/home/sparrow/Project/cserver/server_t.c:328]
Start Server(1024)
[2023-06-18 13:24:45] [Info] [server_log] [server_recv_clnt] [/home/sparrow/Project/cserver/server_t.c:220]
Accept Client: {ip:"192.168.002.002", port:00008}
[2023-06-18 13:24:45] [Info] [server_log] [server_q_find] [/home/sparrow/Project/cserver/server_t.c:182]
Create a Client Thread
[2023-06-18 13:28:03] [Info] [server_log] [server_create] [/home/sparrow/Project/cserver/server_t.c:298]
Create Server With Port 1024
[2023-06-18 13:28:03] [Info] [server_log] [server_start] [/home/sparrow/Project/cserver/server_t.c:328]
Start Server(1024)
[2023-06-18 13:29:12] [Info] [server_log] [server_create] [/home/sparrow/Project/cserver/server_t.c:298]
Create Server With Port 1024
[2023-06-18 13:29:12] [Info] [server_log] [server_start] [/home/sparrow/Project/cserver/server_t.c:328]
Start Server(1024)
[2023-06-18 13:29:16] [Info] [server_log] [server_recv_clnt] [/home/sparrow/Project/cserver/server_t.c:220]
Accept Client: {ip:"192.168.002.002", port:02048}
[2023-06-18 13:29:16] [Info] [server_log] [server_q_find] [/home/sparrow/Project/cserver/server_t.c:182]
Create a Client Thread
[2023-06-18 13:29:57] [Info] [server_log] [server_create] [/home/sparrow/Project/cserver/server_t.c:298]
Create Server With Port 1024
[2023-06-18 13:29:57] [Info] [server_log] [server_start] [/home/sparrow/Project/cserver/server_t.c:328]
Start Server(1024)
[2023-06-18 13:30:03] [Info] [server_log] [server_recv_clnt] [/home/sparrow/Project/cserver/server_t.c:220]
Accept Client: {ip:"192.168.2.2", port:2048}
[2023-06-18 13:30:03] [Info] [server_log] [server_q_find] [/home/sparrow/Project/cserver/server_t.c:182]
Create a Client Thread
[2023-06-18 13:50:17] [Info] [server_log] [server_create] [/home/sparrow/Project/cserver/server_t.c:293]
Create Server With Port 1024
[2023-06-18 13:50:17] [Info] [server_log] [server_start] [/home/sparrow/Project/cserver/server_t.c:323]
Start Server(1024)
[2023-06-18 13:50:40] [Info] [server_log] [server_q_find] [/home/sparrow/Project/cserver/server_t.c:182]
Create a Client Thread
[2023-06-18 13:52:17] [Info] [server_log] [server_create] [/home/sparrow/Project/cserver/server_t.c:293]
Create Server With Port 1024
[2023-06-18 13:52:17] [Info] [server_log] [server_start] [/home/sparrow/Project/cserver/server_t.c:323]
Start Server(1024)
[2023-06-18 13:52:24] [Info] [server_log] [server_q_find] [/home/sparrow/Project/cserver/server_t.c:182]
Create a Client Thread
[2023-06-18 13:52:24] [Info] [server_log] [server_recv_clnt] [/home/sparrow/Project/cserver/server_t.c:225]
Accept Client: {ip:"192.168.2.2", port:51689}
[2023-06-18 13:52:50] [Info] [server_log] [server_create] [/home/sparrow/Project/cserver/server_t.c:293]
Create Server With Port 1024
[2023-06-18 13:52:50] [Info] [server_log] [server_start] [/home/sparrow/Project/cserver/server_t.c:323]
Start Server(1024)
[2023-06-18 13:53:06] [Info] [server_log] [server_q_find] [/home/sparrow/Project/cserver/server_t.c:182]
Create a Client Thread
[2023-06-18 13:53:06] [Info] [server_log] [server_recv_clnt] [/home/sparrow/Project/cserver/server_t.c:225]
Accept Client: {ip:"192.168.2.2", port:51693}
[2023-06-18 13:54:48] [Info] [server_log] [server_create] [/home/sparrow/Project/cserver/server_t.c:293]
Create Server With Port 1024
[2023-06-18 13:54:48] [Info] [server_log] [server_start] [/home/sparrow/Project/cserver/server_t.c:323]
Start Server(1024)
[2023-06-18 13:54:53] [Info] [server_log] [server_q_find] [/home/sparrow/Project/cserver/server_t.c:182]
Create a Client Thread
[2023-06-18 13:54:53] [Info] [server_log] [server_recv_clnt] [/home/sparrow/Project/cserver/server_t.c:225]
Accept Client: {ip:"192.168.2.2", port:51699}
[2023-06-18 13:55:30] [Info] [server_log] [server_q_find] [/home/sparrow/Project/cserver/server_t.c:182]
Create a Client Thread
[2023-06-18 13:55:30] [Info] [server_log] [server_recv_clnt] [/home/sparrow/Project/cserver/server_t.c:225]
Accept Client: {ip:"192.168.2.2", port:51708}
[2023-06-18 15:04:33] [Info] [server_log] [server_create] [/home/sparrow/Project/cserver/server_t.c:319]
Create Server With Port 1024
[2023-06-18 15:04:33] [Info] [server_log] [server_start] [/home/sparrow/Project/cserver/server_t.c:349]
Start Server(1024)
[2023-06-18 15:04:44] [Info] [server_log] [server_q_find] [/home/sparrow/Project/cserver/server_t.c:201]
Create a Client Thread
[2023-06-18 15:09:49] [Info] [server_log] [server_create] [/home/sparrow/Project/cserver/server_t.c:319]
Create Server With Port 1024
[2023-06-18 15:09:49] [Info] [server_log] [server_start] [/home/sparrow/Project/cserver/server_t.c:349]
Start Server(1024)
[2023-06-18 15:09:54] [Info] [server_log] [server_q_find] [/home/sparrow/Project/cserver/server_t.c:201]
Create a Client Thread
[2023-06-18 15:12:09] [Info] [server_log] [server_recv_clnt] [/home/sparrow/Project/cserver/server_t.c:251]
Accept Client: {ip:"192.168.2.2", port:51982}
[2023-06-18 15:28:58] [Info] [server_log] [server_create] [/home/sparrow/Project/cserver/server_t.c:319]
Create Server With Port 1024
[2023-06-18 15:28:58] [Info] [server_log] [server_start] [/home/sparrow/Project/cserver/server_t.c:349]
Start Server(1024)
[2023-06-18 15:29:23] [Info] [server_log] [server_q_find] [/home/sparrow/Project/cserver/server_t.c:201]
Create a Client Thread
[2023-06-18 15:29:23] [Info] [server_log] [server_recv_clnt] [/home/sparrow/Project/cserver/server_t.c:251]
Accept Client: {ip:"192.168.2.2", port:52047}
[2023-06-18 15:29:37] [Info] [server_log] [server_q_find] [/home/sparrow/Project/cserver/server_t.c:201]
Create a Client Thread
[2023-06-18 15:29:37] [Info] [server_log] [server_recv_clnt] [/home/sparrow/Project/cserver/server_t.c:251]
Accept Client: {ip:"192.168.2.2", port:52057}
